[5124:6248:0612/191353.490:WARNING:data_router_sender.cpp(28)] [DataRouterSender] RegisterReceiver not supported on sender side, route=/sg_tool/./pingback_receiver
[5124:6248:0612/191353.512:WARNING:t_skinfilemap.cpp(56)] SGRenderLog:CheckUpdate newMem.OpenMem failed, szNewMem:Local\sgime_skin.v2.filemap.sogouime err:系统错误2: 系统找不到指定的文件。  
打开Filemap失败: Local\sgime_skin.v2.filemap.sogouime4027863fd27
[5124:6248:0612/191353.512:WARNING:t_skinfilemap.cpp(65)] SGRenderLog:CheckUpdate finish: old version:1
[5124:6248:0612/191353.512:WARNING:t_skinfilemap.cpp(67)] SGRenderLog:CheckUpdate finish: new version:2
[5124:6248:0612/191353.540:WARNING:t_skinfilemap.cpp(63)] SGRenderLog:CheckUpdate newMem.OpenMem Suc, szNewMem:Local\sgime_skin.Dpi144.v2.filemap.sogouime
[5124:6248:0612/191353.540:WARNING:t_skinfilemap.cpp(65)] SGRenderLog:CheckUpdate finish: old version:2
[5124:6248:0612/191353.540:WARNING:t_skinfilemap.cpp(67)] SGRenderLog:CheckUpdate finish: new version:2
[5124:6448:0612/191353.558:WARNING:kernel_switch.cc(127)] [Engine] GetProductDataInfo failed for: input_cloud_request_rank_1
[5124:6448:0612/191353.558:WARNING:kernel_switch.cc(127)] [Engine] GetProductDataInfo failed for: input_cloud_request_type_1
[1416:12916:0613/011734.830:WARNING:data_router_sender.cpp(28)] [DataRouterSender] RegisterReceiver not supported on sender side, route=/sg_tool/./pingback_receiver
[1416:12916:0613/011734.853:WARNING:t_skinfilemap.cpp(56)] SGRenderLog:CheckUpdate newMem.OpenMem failed, szNewMem:Local\sgime_skin.v4.filemap.sogouime err:系统错误2: 系统找不到指定的文件。  
打开Filemap失败: Local\sgime_skin.v4.filemap.sogouime4027863fd27
[1416:12916:0613/011734.853:WARNING:t_skinfilemap.cpp(65)] SGRenderLog:CheckUpdate finish: old version:1
[1416:12916:0613/011734.853:WARNING:t_skinfilemap.cpp(67)] SGRenderLog:CheckUpdate finish: new version:4
[1416:12916:0613/011734.883:WARNING:t_skinfilemap.cpp(63)] SGRenderLog:CheckUpdate newMem.OpenMem Suc, szNewMem:Local\sgime_skin.Dpi144.v4.filemap.sogouime
[1416:12916:0613/011734.883:WARNING:t_skinfilemap.cpp(65)] SGRenderLog:CheckUpdate finish: old version:4
[1416:12916:0613/011734.883:WARNING:t_skinfilemap.cpp(67)] SGRenderLog:CheckUpdate finish: new version:4
[1416:16880:0613/011734.900:WARNING:kernel_switch.cc(127)] [Engine] GetProductDataInfo failed for: input_cloud_request_rank_1
[1416:16880:0613/011734.900:WARNING:kernel_switch.cc(127)] [Engine] GetProductDataInfo failed for: input_cloud_request_type_1
